<?xml version="1.0" encoding="UTF-8"?>
<!-- Generated by org.testng.reporters.JUnitReportReporter -->
<testsuite hostname="LAPTOP-UF0B91LF" failures="0" tests="3" name="AspireTest.AspireAssessmenmt" time="26.576" errors="0" timestamp="2022-02-01T22:02:33 IST" skipped="0">
  <testcase classname="AspireTest.AspireAssessmenmt" name="manufacturingPage" time="12.734"/>
  <system-out/>
  <testcase classname="AspireTest.AspireAssessmenmt" name="basePageNavigation" time="3.895"/>
  <system-out/>
  <testcase classname="AspireTest.AspireAssessmenmt" name="inventoryPage" time="9.947"/>
  <system-out/>
</testsuite> <!-- AspireTest.AspireAssessmenmt -->
